GPU ANGLE (NVIDIA GeForce RTX 2060 SUPER Direct3D11 vs_5_0 ps_5_0) (Google Inc.)
OpenGL OpenGL ES 3.0.0 (ANGLE 2.1.0.54a3d7cbcadb)
[Atlas] Texture size is: 4096x4096 (max: 16384x16384)
Found work dir at 'C:/Users/Dfred/Desktop/otclientv8-master/'
== application started at Dec 14 2024 23:02:43
OTCv8 3.2 rev 4 (dev) made by otclient.net built on Feb 26 2023 for arch x86
WARNING: HTTP error for http://otclient.ovh/api/status.php: Invalid http status code (410)
WARNING: HTTP error for http://otclient.ovh/api/status.php: Invalid http status code (410)
WARNING: HTTP error for http://otclient.ovh/api/status.php: Invalid http status code (410)
WARNING: HTTP error for http://otclient.ovh/api/status.php: Invalid http status code (410)
WARNING: HTTP error for http://otclient.ovh/api/status.php: Invalid http status code (410)
Exiting application..
WARNING: widget 'widget1316' was not explicitly destroyed
GPU ANGLE (NVIDIA GeForce RTX 2060 SUPER Direct3D11 vs_5_0 ps_5_0) (Google Inc.)
OpenGL OpenGL ES 3.0.0 (ANGLE 2.1.0.54a3d7cbcadb)
[Atlas] Texture size is: 4096x4096 (max: 16384x16384)
Found work dir at 'C:/Users/Dfred/Desktop/otclientv8-master/'
== application started at Dec 14 2024 23:04:41
OTCv8 3.2 rev 4 (dev) made by otclient.net built on Feb 26 2023 for arch x86
WARNING: HTTP error for http://otclient.ovh/api/status.php: Invalid http status code (410)
WARNING: HTTP error for http://otclient.ovh/api/status.php: Invalid http status code (410)
WARNING: HTTP error for http://otclient.ovh/api/status.php: Invalid http status code (410)
WARNING: HTTP error for http://otclient.ovh/api/status.php: Invalid http status code (410)
WARNING: HTTP error for http://otclient.ovh/api/status.php: Invalid http status code (410)
Connecting to: drakonia.zapto.org:7171
WARNING: HTTP error for http://otclient.ovh/api/status.php: Invalid http status code (410)
WARNING: HTTP error for http://otclient.ovh/api/status.php: Invalid http status code (410)
Connecting to: drakonia.zapto.org:7171
Login to 136.175.69.147:7172
ERROR: Unable to send extended opcode 201, extended opcodes are not enabled on this server.
Exiting application..
WARNING: widget 'widget1316' was not explicitly destroyed
GPU ANGLE (NVIDIA GeForce RTX 2060 SUPER Direct3D11 vs_5_0 ps_5_0) (Google Inc.)
OpenGL OpenGL ES 3.0.0 (ANGLE 2.1.0.54a3d7cbcadb)
[Atlas] Texture size is: 4096x4096 (max: 16384x16384)
Found work dir at 'C:/Users/Dfred/Desktop/otclientv8-master/'
== application started at Dec 14 2024 23:05:32
OTCv8 3.2 rev 4 (dev) made by otclient.net built on Feb 26 2023 for arch x86
WARNING: HTTP error for http://otclient.ovh/api/status.php: Invalid http status code (410)
Exiting application..
WARNING: widget 'widget1316' was not explicitly destroyed
GPU NVIDIA GeForce RTX 2060 SUPER/PCIe/SSE2 (NVIDIA Corporation)
OpenGL 4.6.0 NVIDIA 565.90
[Atlas] Texture size is: 4096x4096 (max: 32768x32768)
Found work dir at 'C:/Users/Dfred/Desktop/otclientv8-master/'
== application started at Dec 14 2024 23:05:35
OTCv8 3.2 rev 4 (dev) made by otclient.net built on Feb 26 2023 for arch x86
WARNING: HTTP error for http://otclient.ovh/api/status.php: Invalid http status code (410)
Exiting application..
WARNING: widget 'widget1316' was not explicitly destroyed
GPU ANGLE (NVIDIA GeForce RTX 2060 SUPER Direct3D11 vs_5_0 ps_5_0) (Google Inc.)
OpenGL OpenGL ES 3.0.0 (ANGLE 2.1.0.54a3d7cbcadb)
[Atlas] Texture size is: 4096x4096 (max: 16384x16384)
Found work dir at 'C:/Users/Dfred/Desktop/otclientv8-master/'
== application started at Dec 14 2024 23:05:38
OTCv8 3.2 rev 4 (dev) made by otclient.net built on Feb 26 2023 for arch x86
WARNING: HTTP error for http://otclient.ovh/api/status.php: Invalid http status code (410)
Exiting application..
WARNING: widget 'widget1316' was not explicitly destroyed
